✔ [5985/6006] Built LogicRealismTheory.Measurement.MeasurementGeometry:c.o (261ms)
✔ [5986/6006] Built LogicRealismTheory.Foundation.IIS (13s)
⚠ [5988/6006] Built LogicRealismTheory.Measurement.NonUnitaryEvolution (18s)
warning: LogicRealismTheory/Measurement/NonUnitaryEvolution.lean:109:5: unused variable `U`

Note: This linter can be disabled with `set_option linter.unusedVariables false`
warning: LogicRealismTheory/Measurement/NonUnitaryEvolution.lean:109:31: unused variable `ψ`

Note: This linter can be disabled with `set_option linter.unusedVariables false`
warning: LogicRealismTheory/Measurement/NonUnitaryEvolution.lean:135:8: declaration uses 'sorry'
warning: LogicRealismTheory/Measurement/NonUnitaryEvolution.lean:188:23: unused variable `ca`

Note: This linter can be disabled with `set_option linter.unusedVariables false`
warning: LogicRealismTheory/Measurement/NonUnitaryEvolution.lean:190:8: declaration uses 'sorry'
warning: LogicRealismTheory/Measurement/NonUnitaryEvolution.lean:206:8: declaration uses 'sorry'
⚠ [5990/6006] Built LogicRealismTheory.Foundation.QubitKMapping (22s)
warning: LogicRealismTheory/Foundation/QubitKMapping.lean:195:25: This simp argument is unused:
  sq_sqrt (by norm_num : (0 : ℝ) ≤ 2)

Hint: Omit it from the simp argument list.
  simp [normSq_ofReal,̵ ̵s̵q̵_̵s̵q̵r̵t̵ ̵(̵b̵y̵ ̵n̵o̵r̵m̵_̵n̵u̵m̵ ̵:̵ ̵(̵0̵:̵ℝ̵)̵ ̵≤̵ ̵2̵)̵]

Note: This linter can be disabled with `set_option linter.unusedSimpArgs false`
warning: LogicRealismTheory/Foundation/QubitKMapping.lean:202:25: This simp argument is unused:
  sq_sqrt (by norm_num : (0 : ℝ) ≤ 2)

Hint: Omit it from the simp argument list.
  simp [normSq_ofReal,̵ ̵s̵q̵_̵s̵q̵r̵t̵ ̵(̵b̵y̵ ̵n̵o̵r̵m̵_̵n̵u̵m̵ ̵:̵ ̵(̵0̵:̵ℝ̵)̵ ̵≤̵ ̵2̵)̵]

Note: This linter can be disabled with `set_option linter.unusedSimpArgs false`
✔ [5992/6006] Built LogicRealismTheory.Operators.Projectors (12s)
✔ [5994/6006] Built LogicRealismTheory.Foundation.Actualization (10s)
✔ [5996/6006] Built LogicRealismTheory.Derivations.RussellParadox (12s)
⚠ [5998/6006] Built LogicRealismTheory.Derivations.Energy (18s)
warning: LogicRealismTheory/Derivations/Energy.lean:237:5: unused variable `S`

Note: This linter can be disabled with `set_option linter.unusedVariables false`
warning: LogicRealismTheory/Derivations/Energy.lean:237:29: unused variable `D`

Note: This linter can be disabled with `set_option linter.unusedVariables false`
warning: LogicRealismTheory/Derivations/Energy.lean:328:5: unused variable `S`

Note: This linter can be disabled with `set_option linter.unusedVariables false`
warning: LogicRealismTheory/Derivations/Energy.lean:612:6: unused variable `t`

Note: This linter can be disabled with `set_option linter.unusedVariables false`
warning: LogicRealismTheory/Derivations/Energy.lean:620:5: unused variable `t₁`

Note: This linter can be disabled with `set_option linter.unusedVariables false`
warning: LogicRealismTheory/Derivations/Energy.lean:620:8: unused variable `t₂`

Note: This linter can be disabled with `set_option linter.unusedVariables false`
warning: LogicRealismTheory/Derivations/Energy.lean:715:6: unused variable `t₁`

Note: This linter can be disabled with `set_option linter.unusedVariables false`
warning: LogicRealismTheory/Derivations/Energy.lean:715:9: unused variable `t₂`

Note: This linter can be disabled with `set_option linter.unusedVariables false`
warning: LogicRealismTheory/Derivations/Energy.lean:810:5: unused variable `t₁`

Note: This linter can be disabled with `set_option linter.unusedVariables false`
warning: LogicRealismTheory/Derivations/Energy.lean:810:8: unused variable `t₂`

Note: This linter can be disabled with `set_option linter.unusedVariables false`
warning: LogicRealismTheory/Derivations/Energy.lean:836:18: unused variable `states`

Note: This linter can be disabled with `set_option linter.unusedVariables false`
⚠ [6000/6006] Built LogicRealismTheory.Derivations.TimeEmergence (23s)
warning: LogicRealismTheory/Derivations/TimeEmergence.lean:70:26: unused variable `t₁`

Note: This linter can be disabled with `set_option linter.unusedVariables false`
warning: LogicRealismTheory/Derivations/TimeEmergence.lean:70:29: unused variable `t₂`

Note: This linter can be disabled with `set_option linter.unusedVariables false`
warning: LogicRealismTheory/Derivations/TimeEmergence.lean:177:18: unused variable `t`

Note: This linter can be disabled with `set_option linter.unusedVariables false`
warning: LogicRealismTheory/Derivations/TimeEmergence.lean:226:5: unused variable `t`

Note: This linter can be disabled with `set_option linter.unusedVariables false`
warning: LogicRealismTheory/Derivations/TimeEmergence.lean:277:5: unused variable `U`

Note: This linter can be disabled with `set_option linter.unusedVariables false`
warning: LogicRealismTheory/Derivations/TimeEmergence.lean:278:5: unused variable `H`

Note: This linter can be disabled with `set_option linter.unusedVariables false`
warning: LogicRealismTheory/Derivations/TimeEmergence.lean:341:5: unused variable `γ`

Note: This linter can be disabled with `set_option linter.unusedVariables false`
warning: LogicRealismTheory/Derivations/TimeEmergence.lean:342:5: unused variable `U`

Note: This linter can be disabled with `set_option linter.unusedVariables false`
warning: LogicRealismTheory/Derivations/TimeEmergence.lean:343:5: unused variable `H`

Note: This linter can be disabled with `set_option linter.unusedVariables false`
warning: LogicRealismTheory/Derivations/TimeEmergence.lean:398:5: unused variable `U`

Note: This linter can be disabled with `set_option linter.unusedVariables false`
warning: LogicRealismTheory/Derivations/TimeEmergence.lean:399:5: unused variable `t`

Note: This linter can be disabled with `set_option linter.unusedVariables false`
warning: LogicRealismTheory/Derivations/TimeEmergence.lean:422:5: unused variable `U`

Note: This linter can be disabled with `set_option linter.unusedVariables false`
warning: LogicRealismTheory/Derivations/TimeEmergence.lean:423:5: unused variable `H`

Note: This linter can be disabled with `set_option linter.unusedVariables false`
warning: LogicRealismTheory/Derivations/TimeEmergence.lean:447:5: unused variable `a`

Note: This linter can be disabled with `set_option linter.unusedVariables false`
warning: LogicRealismTheory/Derivations/TimeEmergence.lean:447:13: unused variable `U`

Note: This linter can be disabled with `set_option linter.unusedVariables false`
warning: LogicRealismTheory/Derivations/TimeEmergence.lean:447:37: unused variable `t`

Note: This linter can be disabled with `set_option linter.unusedVariables false`
✖ [6002/6006] Building LogicRealismTheory (5.0s)
trace: .> LEAN_PATH=C:\Users\jdlon\OneDrive\Documents\logic-realism-theory\lean\.lake\packages\Cli\.lake\build\lib\lean;C:\Users\jdlon\OneDrive\Documents\logic-realism-theory\lean\.lake\packages\batteries\.lake\build\lib\lean;C:\Users\jdlon\OneDrive\Documents\logic-realism-theory\lean\.lake\packages\Qq\.lake\build\lib\lean;C:\Users\jdlon\OneDrive\Documents\logic-realism-theory\lean\.lake\packages\aesop\.lake\build\lib\lean;C:\Users\jdlon\OneDrive\Documents\logic-realism-theory\lean\.lake\packages\proofwidgets\.lake\build\lib\lean;C:\Users\jdlon\OneDrive\Documents\logic-realism-theory\lean\.lake\packages\importGraph\.lake\build\lib\lean;C:\Users\jdlon\OneDrive\Documents\logic-realism-theory\lean\.lake\packages\LeanSearchClient\.lake\build\lib\lean;C:\Users\jdlon\OneDrive\Documents\logic-realism-theory\lean\.lake\packages\plausible\.lake\build\lib\lean;C:\Users\jdlon\OneDrive\Documents\logic-realism-theory\lean\.lake\packages\mathlib\.lake\build\lib\lean;C:\Users\jdlon\OneDrive\Documents\logic-realism-theory\lean\.lake\build\lib\lean c:\Users\jdlon\.elan\toolchains\leanprover--lean4---v4.25.0-rc2\bin\lean.exe C:\Users\jdlon\OneDrive\Documents\logic-realism-theory\lean\LogicRealismTheory.lean -o C:\Users\jdlon\OneDrive\Documents\logic-realism-theory\lean\.lake\build\lib\lean\LogicRealismTheory.olean -i C:\Users\jdlon\OneDrive\Documents\logic-realism-theory\lean\.lake\build\lib\lean\LogicRealismTheory.ilean -c C:\Users\jdlon\OneDrive\Documents\logic-realism-theory\lean\.lake\build\ir\LogicRealismTheory.c --setup C:\Users\jdlon\OneDrive\Documents\logic-realism-theory\lean\.lake\build\ir\LogicRealismTheory.setup.json --json
error: LogicRealismTheory.lean:12:0: import LogicRealismTheory.Measurement.NonUnitaryEvolution failed, environment already contains 'LogicRealismTheory.Measurement.ConstraintAddition.nonneg' from LogicRealismTheory.Measurement.MeasurementGeometry
error: Lean exited with code 1
Some required targets logged failures:
- LogicRealismTheory
error: build failed
